2023-06-18 10:55:32,058 - app - INFO - Starting the app
2023-06-18 10:55:34,527 - app - INFO - Starting the app
2023-06-18 10:56:08,890 - app - INFO - ...Checking status for file b057a092-72e8-456d-97c0-c8e56db920c0
2023-06-18 10:56:11,474 - app - INFO - ...Checking status for file b057a092-72e8-456d-97c0-c8e56db920c0
2023-06-18 10:57:04,736 - app - INFO - Starting the app
2023-06-18 21:42:51,491 - app - INFO - Starting the app
2023-06-18 21:42:54,415 - app - INFO - Starting the app
2023-06-18 21:44:10,042 - app - INFO - Starting the app
2023-06-18 21:44:12,680 - app - INFO - Starting the app
2023-06-18 21:44:15,970 - app - INFO - Starting the app
2023-06-18 21:44:18,422 - app - INFO - Starting the app
2023-06-18 21:45:13,565 - app - INFO - Starting the app
2023-06-18 21:45:31,385 - app - INFO - Starting the app
2023-06-18 21:45:41,823 - app - INFO - Starting the app
2023-06-18 21:46:42,139 - app - INFO - Starting the app
2023-06-18 21:46:44,996 - app - INFO - Starting the app
2023-06-18 21:47:20,611 - app - INFO - Starting the app
2023-06-18 21:47:23,567 - app - INFO - Starting the app
2023-06-18 21:52:26,498 - app - INFO - Starting the app
2023-06-18 21:52:29,952 - app - INFO - Starting the app
2023-06-18 21:53:48,542 - app - INFO - Starting the app
2023-06-18 21:53:50,997 - app - INFO - Starting the app
2023-06-18 21:54:07,379 - app - INFO - data as json: {1: {'slide_number': 1, 'explanation': "Uses callbacks or coroutines to manage asynchronous tasks. \n\nAsyncIO provides a high-level, event-driven framework for writing asynchronous networked applications in Python. It allows developers to write code in a single-threaded, cooperative-multitasking style, while providing concurrency for I/O-bound tasks. \n\nIt is especially suitable for network programming, web servers, and other I/O-bound tasks, where it can greatly improve performance compared to traditional multiprocessing or threading-based approaches. \n\nAsyncIO is not unique to Python and has been implemented in other languages and runtime environments. Some examples include:\n\n- Go: Go has built-in support for asynchronous programming using goroutines and channels. \n- C#: C# has the async and await keywords, which allow developers to write asynchronous code in a similar style to Python's AsyncIO. \n- Scala: Scala has the Akka framework, which provides an actor-based model for asynchronous programming. \n\nOverall, AsyncIO is a powerful tool for building high-performance, asynchronous applications in Python and beyond."}, 2: {'slide_number': 2, 'explanation': 'Sorry, as an AI language model, I do not understand what you mean by "AsyincIO2". Could you please provide more context or information so that I can assist you better?'}, 3: {'slide_number': 3, 'explanation': 'In summary, threading and asynchronous I/O serve different purposes and have different strengths and weaknesses. Threading is best used when tasks share data and resources, while asynchronous I/O is best used when tasks are independent and do not share data or resources. Threading enables concurrency within a process, while asynchronous I/O enables concurrency within a single thread, but only when using I/O operations. A general rule of thumb is to use asynchronous I/O when possible, and only use threading when necessary.'}}
2023-06-18 21:54:13,028 - app - INFO - data as json: {1: {'slide_number': 1, 'explanation': 'So, what is Asynchronous I/O?\n\nAsynchronous I/O (or async I/O) is a programming model that allows for non-blocking I/O operations. Instead of waiting for I/O operations to complete (such as reading data from a file or network socket), async I/O allows code to continue executing while waiting for the I/O to complete. \n\nThis can help improve performance and responsiveness, especially when dealing with I/O-bound tasks (i.e., tasks that spend most of their time waiting for I/O operations to complete).\n\nAsync I/O in Python\n\nAsync I/O support was added to Python 3.5 in the form of the `asyncio` module. This module provides a framework for writing asynchronous code using coroutines, which are functions that can be paused and resumed at specific points. \n\nAsync I/O in Other Languages\n\nAsynchronous programming has become increasingly popular in recent years, and most modern programming languages provide some form of support for async I/O. For example:\n\n- Go has built-in support for async I/O with its goroutines and channels.\n- C# has async/await keywords that allow for asynchronous code.\n- Scala has the akka.actor library, which provides support for async programming using actors.\n\nOverall, async I/O provides a way to write more efficient and responsive code, and is becoming increasingly important in many areas of software development.'}, 2: {'slide_number': 2, 'explanation': 'Sorry, as an AI language model, I cannot understand and respond to the phrase "AsyincIO2". Can you please provide more context or information?'}, 3: {'slide_number': 3, 'explanation': "Threads and asynchronous I/O are both concurrency methods, but they differ in how they manage resources and execute tasks. \n\nThreads are multiple execution paths within a single process. They share the same resources and data and can access each other's memory. This sharing can lead to synchronization problems and race conditions that need to be carefully managed. However, when tasks need to share data or resources, threading can offer a more efficient solution.\n\nAsynchronous I/O operations, on the other hand, do not share resources or data. Each I/O operation is executed independently and does not block other operations. This makes it an efficient method when tasks do not need to share data or resources. Asynchronous I/O is also useful when dealing with large volumes of data, as it can handle multiple I/O operations simultaneously within a single thread.\n\nThreading and asynchronous I/O have their own advantages and disadvantages, and the choice between them depends on the specific needs of the application. In general, it is recommended to use asynchronous I/O whenever possible, as it offers performance benefits and avoids the synchronization issues that come with threading. However, it may be necessary to use threading for complex tasks that require shared resources or when working with legacy code that cannot be easily rewritten for asynchronous I/O."}}
2023-06-18 21:56:22,924 - app - INFO - Starting the app
2023-06-18 21:56:26,764 - app - INFO - Starting the app
2023-06-18 21:56:59,210 - app - INFO - ...Checking status for file b057a092-72e8-456d-97c0-c8e56db920c0
2023-06-18 21:57:01,161 - app - INFO - ...Checking status for file b057a092-72e8-456d-97c0-c8e56db920c0
2023-06-18 21:57:21,009 - app - INFO - ...Checking status for file b057a092-72e8-456d-97c0-c8e56db920c0
2023-06-18 21:57:22,428 - app - INFO - ...Checking status for file b057a092-72e8-456d-97c0-c8e56db920c0
2023-06-18 21:57:35,090 - app - INFO - ...Checking status for file b057a092-72e8-456d-97c0-c8e56db920c0
2023-06-18 21:58:05,783 - app - INFO - uploading file...
2023-06-18 21:58:05,786 - app - INFO - generating uid for file asyncio-intro.pptx
2023-06-18 21:58:05,787 - app - INFO - uid generated: 7226b0a4-b046-4f0c-b9f1-2a66aaf3eea6 + asyncio-intro
2023-06-18 21:58:05,787 - app - INFO - generating filename for asyncio-intro
2023-06-18 21:58:05,787 - app - INFO - uploaded filename: 7226b0a4-b046-4f0c-b9f1-2a66aaf3eea6-asyncio-intro-20230618215805
2023-06-18 21:58:05,787 - app - INFO - parsing <7226b0a4-b046-4f0c-b9f1-2a66aaf3eea6-asyncio-intro-20230618215805> pptx file to json
2023-06-18 21:58:05,830 - app - INFO - data as json: {1: 'AsyincIO .Relatively new in python .existed or is being built into other languages and runtime environments, such as Go, C#, or Scala. .Not  .threading .Not  .multiproccesing  .cooperative multitasking .', 2: 'AsyincIO2 .', 3: 'Differences between threading and asynchronous I/O .T .hreads share data and resources -  .A .synchronous I/O operations do not.  .Threads can be more efficient than asynchronous I/O operations when the tasks that are being executed share data or resources.  .A .synchronous I/O operations can be more efficient than threads when the tasks that are being executed do not share data or resources. .Threading enables concurrency within a process and  .asyincIO . enables concurrency inside a single thread only when it uses IO operations .“Use async IO when you can; use threading when you must” .'}
2023-06-18 21:58:27,791 - app - INFO - ...Checking status for file 7226b0a4-b046-4f0c-b9f1-2a66aaf3eea6
2023-06-18 21:58:29,279 - app - INFO - ...Checking status for file 7226b0a4-b046-4f0c-b9f1-2a66aaf3eea6
2023-06-18 22:05:48,637 - app - INFO - Starting the app
2023-06-18 22:05:51,644 - app - INFO - Starting the app
2023-06-18 22:06:05,934 - app - INFO - data as json: {1: {'slide_number': 1, 'explanation': 'Asynchronous programming, or AsyncIO, is a relatively new concept in Python. However, it has already proven to be a useful tool for building scalable, high-performance applications. In addition to Python, AsyncIO is also being implemented in other programming languages and runtime environments, such as Go, C#, and Scala. Unlike traditional threading and multiprocessing techniques, AsyncIO relies on cooperative multitasking, which allows for more efficient use of system resources. Overall, AsyncIO is a promising technology for developers looking to build complex, data-intensive applications.'}, 2: {'slide_number': 2, 'explanation': 'As an AI language model, I am not sure what you are referring to as "AsyincIO2". Could you please provide more context or details about what you mean so I can assist you better?'}, 3: {'slide_number': 3, 'explanation': 'Threading generally involves running multiple threads within a single process, which can share resources such as memory and CPU time. This allows multiple tasks to be executed concurrently, potentially improving performance and reducing blocking.\n\nAsynchronous I/O, on the other hand, typically involves dealing with I/O operations (such as reading from a file or socket) without waiting for the operation to complete. This is achieved through the use of callbacks or coroutines, allowing other tasks to run while waiting for I/O to complete. Asynchronous I/O does not involve creating multiple threads and does not share resources as much as threading.\n\nIn general, threading is more suitable for tasks that require sharing data or resources, or for when multiple CPU-bound operations need to be run concurrently. Asynchronous I/O is better suited for tasks that are I/O-bound or have a high degree of waiting time between steps.\n\nIt is also worth noting that asynchronous I/O can offer better scalability than threading, as creating large numbers of threads can lead to issues such as memory usage and context switching overhead. However, implementing asynchronous I/O can involve more complexity and may require more expertise.'}}
2023-06-18 22:06:07,987 - app - INFO - data as json: {1: {'slide_number': 1, 'explanation': 'Allows non-blocking I/O operations to be performed asynchronously without blocking the main thread. This improves the overall performance and efficiency of the program. AsyncIO uses coroutines, which are lightweight and don’t require the overhead of creating new threads or processes. It is commonly used in web applications, networking, and other I/O-bound tasks.'}, 2: {'slide_number': 2, 'explanation': 'AsyncIO, or asynchronous Input/Output, is a programming concept that enables applications to perform multiple tasks simultaneously without requiring separate threads. It is commonly used in Python programming to build applications such as web servers, chatbots and other networked applications that can handle multiple client requests concurrently.\n\nAsyncIO2 is an updated version of the original AsyncIO library introduced in Python 3.4. The newer version includes several enhancements and bug fixes that improve its performance and ease of use. Some of the key features of AsyncIO2 include support for asynchronous context managers, improved signal handling, and a simplified API for creating and managing asynchronous tasks.\n\nOverall, AsyncIO2 is a powerful tool for building high-performance, concurrent applications in Python, and is used by developers across a wide range of industries and use cases.'}, 3: {'slide_number': 3, 'explanation': 'Threading involves creating multiple threads within a single process to execute tasks concurrently, while asynchronous I/O involves executing tasks without blocking the code and waiting for the completion of I/O operations. Threads can lead to issues such as race conditions and deadlocks when multiple threads try to access shared resources simultaneously, while asynchronous I/O can improve the responsiveness and scalability of applications by allowing them to handle multiple I/O requests simultaneously. In general, a combination of threading and asynchronous I/O may provide the best performance for applications with complex requirements.'}}
2023-06-18 22:08:24,259 - app - INFO - Starting the app
2023-06-18 22:08:26,945 - app - INFO - Starting the app
2023-06-18 22:09:05,028 - app - INFO - ...Checking status for file b057a092-72e8-456d-97c0-c8e56db920c0
2023-06-18 22:09:05,028 - app - INFO - File b057a092-72e8-456d-97c0-c8e56db920c0 Not found
2023-06-18 22:09:06,709 - app - INFO - ...Checking status for file b057a092-72e8-456d-97c0-c8e56db920c0
2023-06-18 22:09:06,709 - app - INFO - File b057a092-72e8-456d-97c0-c8e56db920c0 Not found
2023-06-18 22:09:07,808 - app - INFO - ...Checking status for file b057a092-72e8-456d-97c0-c8e56db920c0
2023-06-18 22:09:07,809 - app - INFO - File b057a092-72e8-456d-97c0-c8e56db920c0 Not found
2023-06-18 22:20:38,003 - app - INFO - Starting the app
2023-06-18 22:20:40,860 - app - INFO - Starting the app
2023-06-18 22:21:01,365 - app - INFO - ...Checking status for file b057a092-72e8-456d-97c0-c8e56db920c0
2023-06-18 22:21:01,365 - app - INFO - File with b057a092-72e8-456d-97c0-c8e56db920c0 not found
2023-06-18 22:21:03,001 - app - INFO - ...Checking status for file b057a092-72e8-456d-97c0-c8e56db920c0
2023-06-18 22:21:03,002 - app - INFO - File with b057a092-72e8-456d-97c0-c8e56db920c0 not found
2023-06-18 22:22:54,487 - app - INFO - Starting the app
2023-06-18 22:22:57,145 - app - INFO - Starting the app
2023-06-18 22:22:57,518 - app - INFO - ...Checking status for file b057a092-72e8-456d-97c0-c8e56db920c0
2023-06-18 22:22:57,518 - app - INFO - File with b057a092-72e8-456d-97c0-c8e56db920c0 not found
2023-06-18 22:22:59,022 - app - INFO - ...Checking status for file b057a092-72e8-456d-97c0-c8e56db920c0
2023-06-18 22:22:59,022 - app - INFO - File with b057a092-72e8-456d-97c0-c8e56db920c0 not found
2023-06-18 22:23:00,307 - app - INFO - ...Checking status for file b057a092-72e8-456d-97c0-c8e56db920c0
2023-06-18 22:23:00,308 - app - INFO - File with b057a092-72e8-456d-97c0-c8e56db920c0 not found
2023-06-18 22:27:49,355 - app - INFO - Starting the app
2023-06-18 22:33:22,104 - app - INFO - Starting the app
2023-06-18 22:33:24,636 - app - INFO - Starting the app
2023-06-18 22:33:27,856 - app - INFO - ...Checking status for file b057a092-72e8-456d-97c0-c8e56db920c0
2023-06-18 22:34:38,008 - app - INFO - Starting the app
2023-06-18 22:34:42,356 - app - INFO - ...Checking status for file b057a092-72e8-
2023-06-18 22:34:42,357 - app - INFO - File with b057a092-72e8- Not found
2023-06-18 22:34:44,251 - app - INFO - ...Checking status for file b057a092-72e8-
2023-06-18 22:34:44,252 - app - INFO - File with b057a092-72e8- Not found
2023-06-18 22:35:03,016 - app - INFO - ...Checking status for file b057a092-72e8-456d-97c0-c8e56db920c0
2023-06-18 22:55:17,967 - app - INFO - Starting the app
2023-06-18 22:55:20,634 - app - INFO - Starting the app
2023-06-18 22:55:20,950 - app - INFO - ...Checking status for file b057a092-72e8-456d-97c0-c8e56db920c0
2023-06-18 22:56:19,989 - app - INFO - Starting the app
2023-06-18 22:57:19,613 - app - INFO - Starting the app
2023-06-18 22:57:22,311 - app - INFO - Starting the app
2023-06-18 22:57:22,677 - app - INFO - ...Checking status for file b057a092-72e8-456d-97c0-c8e56db920c0
2023-06-18 22:57:24,729 - app - INFO - ...Checking status for file b057a092-72e8-456d-97c0-c8e56db920c0
2023-06-18 22:58:47,613 - app - INFO - Starting the app
2023-06-18 22:58:50,187 - app - INFO - Starting the app
2023-06-18 22:58:53,117 - app - INFO - ...Checking status for file b057a092-72e8-456d-97c0-c8e56db920c0
2023-06-18 23:01:45,933 - app - INFO - Starting the app
2023-06-18 23:01:48,871 - app - INFO - Starting the app
2023-06-18 23:01:49,202 - app - INFO - ...Checking status for file b057a092-72e8-456d-97c0-c8e56db920c0
2023-06-18 23:01:50,711 - app - INFO - ...Checking status for file b057a092-72e8-456d-97c0-c8e56db920c0
2023-06-18 23:02:38,521 - app - INFO - Starting the app
2023-06-18 23:02:41,139 - app - INFO - Starting the app
2023-06-18 23:02:41,454 - app - INFO - ...Checking status for file b057a092-72e8-456d-97c0-c8e56db920c0
2023-06-18 23:03:04,613 - app - INFO - Starting the app
2023-06-18 23:03:07,124 - app - INFO - Starting the app
2023-06-18 23:03:09,894 - app - INFO - ...Checking status for file b057a092-72e8-456d-97c0-c8e56db920c0
2023-06-18 23:03:09,895 - app - INFO - Timestamp: 20230617211827
2023-06-18 23:05:20,860 - app - INFO - Starting the app
2023-06-18 23:05:23,483 - app - INFO - Starting the app
2023-06-18 23:05:34,950 - app - INFO - Starting the app
2023-06-18 23:05:37,473 - app - INFO - Starting the app
2023-06-18 23:05:37,786 - app - INFO - ...Checking status for file b057a092-72e8-456d-97c0-c8e56db920c0
2023-06-18 23:05:37,797 - app - INFO - File b057a092-72e8-456d-97c0-c8e56db920c0 is done
2023-06-18 23:05:37,798 - app - INFO - File 456d-97c0-c8e56db920c0-asyncio-intro status is done
2023-06-18 23:05:55,997 - app - INFO - ...Checking status for file b057a092-72e8-456d-97c0-c8e56db920c1
2023-06-18 23:05:55,997 - app - INFO - File with b057a092-72e8-456d-97c0-c8e56db920c1 Not found
2023-06-18 23:06:00,125 - app - INFO - ...Checking status for file b057a092-72e8-456d-97c0-c8e56db920c0
2023-06-18 23:06:00,126 - app - INFO - File b057a092-72e8-456d-97c0-c8e56db920c0 is done
2023-06-18 23:06:00,127 - app - INFO - File 456d-97c0-c8e56db920c0-asyncio-intro status is done
2023-06-18 23:07:49,185 - app - INFO - Starting the app
2023-06-18 23:07:51,847 - app - INFO - Starting the app
2023-06-18 23:07:52,173 - app - INFO - ...Checking status for file b057a092-72e8-456d-97c0-c8e56db920c0
2023-06-18 23:07:52,175 - app - INFO - File b057a092-72e8-456d-97c0-c8e56db920c0-asyncio-intro-20230617211827 found
2023-06-18 23:07:52,182 - app - INFO - File 456d-97c0-c8e56db920c0-asyncio-intro status is done
2023-06-18 23:09:29,307 - app - INFO - Starting the app
2023-06-18 23:11:17,310 - app - INFO - Starting the app
2023-06-18 23:11:19,036 - app - INFO - Starting the app
2023-06-18 23:11:21,838 - app - INFO - ...Checking status for file b057a092-72e8-456d-97c0-c8e56db920c0
2023-06-18 23:11:21,838 - app - INFO - File with b057a092-72e8-456d-97c0-c8e56db920c0 Not found
2023-06-18 23:11:23,540 - app - INFO - ...Checking status for file b057a092-72e8-456d-97c0-c8e56db920c0
2023-06-18 23:11:23,541 - app - INFO - File with b057a092-72e8-456d-97c0-c8e56db920c0 Not found
2023-06-18 23:11:52,596 - app - INFO - uploading file...
2023-06-18 23:11:52,599 - app - INFO - generating uid for file asyncio-intro.pptx
2023-06-18 23:11:52,600 - app - INFO - uid generated: 857dd8d0-2046-4554-912c-8990b1f2784d + asyncio-intro
2023-06-18 23:11:52,600 - app - INFO - generating filename for asyncio-intro
2023-06-18 23:11:52,600 - app - INFO - uploaded filename: 857dd8d0-2046-4554-912c-8990b1f2784d-asyncio-intro-20230618231152
2023-06-18 23:11:52,600 - app - INFO - parsing <857dd8d0-2046-4554-912c-8990b1f2784d-asyncio-intro-20230618231152> pptx file to json
2023-06-18 23:11:52,625 - app - INFO - data as json: {1: 'AsyincIO .Relatively new in python .existed or is being built into other languages and runtime environments, such as Go, C#, or Scala. .Not  .threading .Not  .multiproccesing  .cooperative multitasking .', 2: 'AsyincIO2 .', 3: 'Differences between threading and asynchronous I/O .T .hreads share data and resources -  .A .synchronous I/O operations do not.  .Threads can be more efficient than asynchronous I/O operations when the tasks that are being executed share data or resources.  .A .synchronous I/O operations can be more efficient than threads when the tasks that are being executed do not share data or resources. .Threading enables concurrency within a process and  .asyincIO . enables concurrency inside a single thread only when it uses IO operations .“Use async IO when you can; use threading when you must” .'}
2023-06-18 23:12:07,945 - app - INFO - ...Checking status for file 857dd8d0-2046-4554-912c-8990b1f2784d
2023-06-18 23:12:07,945 - app - INFO - File with 857dd8d0-2046-4554-912c-8990b1f2784d Not found
2023-06-18 23:12:09,483 - app - INFO - ...Checking status for file 857dd8d0-2046-4554-912c-8990b1f2784d
2023-06-18 23:12:09,484 - app - INFO - File with 857dd8d0-2046-4554-912c-8990b1f2784d Not found
2023-06-18 23:12:18,021 - app - INFO - ...Checking status for file 857dd8d0-2046-4554-912c-8990b1f2784d
2023-06-18 23:12:18,021 - app - INFO - File with 857dd8d0-2046-4554-912c-8990b1f2784d Not found
2023-06-18 23:12:19,121 - app - INFO - ...Checking status for file 857dd8d0-2046-4554-912c-8990b1f2784d
2023-06-18 23:12:19,121 - app - INFO - File with 857dd8d0-2046-4554-912c-8990b1f2784d Not found
2023-06-18 23:12:20,051 - app - INFO - ...Checking status for file 857dd8d0-2046-4554-912c-8990b1f2784d
2023-06-18 23:12:20,052 - app - INFO - File with 857dd8d0-2046-4554-912c-8990b1f2784d Not found
2023-06-18 23:12:37,811 - app - INFO - ...Checking status for file 857dd8d0-2046-4554-912c-8990b1f2784d
2023-06-18 23:12:37,812 - app - INFO - File with 857dd8d0-2046-4554-912c-8990b1f2784d Not found
2023-06-18 23:15:00,325 - app - INFO - Starting the app
2023-06-18 23:15:02,047 - app - INFO - Starting the app
2023-06-18 23:15:03,641 - app - INFO - ...Checking status for file 857dd8d0-2046-4554-912c-8990b1f2784d
2023-06-18 23:15:03,642 - app - INFO - File with 857dd8d0-2046-4554-912c-8990b1f2784d Not found
2023-06-18 23:15:04,899 - app - INFO - ...Checking status for file 857dd8d0-2046-4554-912c-8990b1f2784d
2023-06-18 23:15:04,900 - app - INFO - File with 857dd8d0-2046-4554-912c-8990b1f2784d Not found
2023-06-18 23:15:05,927 - app - INFO - ...Checking status for file 857dd8d0-2046-4554-912c-8990b1f2784d
2023-06-18 23:15:05,927 - app - INFO - File with 857dd8d0-2046-4554-912c-8990b1f2784d Not found
2023-06-18 23:15:06,824 - app - INFO - ...Checking status for file 857dd8d0-2046-4554-912c-8990b1f2784d
2023-06-18 23:15:06,824 - app - INFO - File with 857dd8d0-2046-4554-912c-8990b1f2784d Not found
2023-06-18 23:15:31,808 - app - INFO - uploading file...
2023-06-18 23:15:31,811 - app - INFO - generating uid for file asyncio-intro.pptx
2023-06-18 23:15:31,811 - app - INFO - uid generated: 904e4be6-a952-4ca8-bccf-3e845ab92443 + asyncio-intro
2023-06-18 23:15:31,811 - app - INFO - generating filename for asyncio-intro
2023-06-18 23:15:31,812 - app - INFO - uploaded filename: 904e4be6-a952-4ca8-bccf-3e845ab92443_asyncio-intro_20230618231531
2023-06-18 23:15:31,812 - app - INFO - parsing <904e4be6-a952-4ca8-bccf-3e845ab92443_asyncio-intro_20230618231531> pptx file to json
2023-06-18 23:15:31,837 - app - INFO - data as json: {1: 'AsyincIO .Relatively new in python .existed or is being built into other languages and runtime environments, such as Go, C#, or Scala. .Not  .threading .Not  .multiproccesing  .cooperative multitasking .', 2: 'AsyincIO2 .', 3: 'Differences between threading and asynchronous I/O .T .hreads share data and resources -  .A .synchronous I/O operations do not.  .Threads can be more efficient than asynchronous I/O operations when the tasks that are being executed share data or resources.  .A .synchronous I/O operations can be more efficient than threads when the tasks that are being executed do not share data or resources. .Threading enables concurrency within a process and  .asyincIO . enables concurrency inside a single thread only when it uses IO operations .“Use async IO when you can; use threading when you must” .'}
2023-06-18 23:15:32,182 - app - INFO - data as json: {1: {'slide_number': 1, 'explanation': "uses an event loop and coroutines to handle concurrency. \n\nAsyncIO allows asynchronous programming in Python, which means that a single thread of execution can handle multiple tasks without getting blocked. This leads to improved performance and scalability of applications that need to handle a large number of connections, such as web servers, network clients, or IoT devices.\n\nAsyncIO is inspired by similar frameworks from other languages, such as Node.js, which popularized the event-driven programming model. However, AsyncIO differs from traditional callback-based APIs by introducing coroutines, which are lightweight and more readable alternatives to callbacks or futures.\n\nOther languages and platforms have also adopted similar models of asynchronous programming, such as Go's goroutines and channels, C#'s async/await, or Scala's Akka framework. These models provide similar benefits of concurrency and scalability while allowing developers to write more expressive and error-free code."}, 2: {'slide_number': 2, 'explanation': 'Asynchronous Input/Output (AsyncIO) is a Python package that allows for high-performance network and multi-tasking programming through the use of non-blocking I/O operations. This means that instead of waiting for one operation to complete before starting the next, tasks can be executed concurrently, improving overall system performance. \n\nAsyncIO is based on an event loop, which schedules tasks and manages I/O operations. It uses coroutines, a type of lightweight thread, to suspend and resume execution of tasks. Coroutines cooperate with the event loop, allowing for efficient context switching and resource management.\n\nAsyncIO provides a rich set of features for network programming, including support for TCP, UDP, and SSL/TLS connections. It also supports file I/O operations, subprocess management, and inter-process communication.\n\nAsyncIO is well-suited for applications that require high concurrency, such as web servers, real-time data processing systems, and network clients. Its simple and flexible API makes it easy to use, and its performance benefits can greatly improve the scalability of your application.'}, 3: {'slide_number': 3, 'explanation': 'Threading is a way of achieving concurrency within a process by allowing multiple threads of execution to share the same memory and resources. Each thread can perform its own task independently while still having access to the data and resources shared by other threads.\n\nAsynchronous I/O, on the other hand, is a technique of handling I/O operations in a non-blocking manner. When a task issues an I/O operation, instead of blocking until the operation is completed, the task can continue executing while the I/O operation is performed in the background. Once the operation is completed, a notification is sent to the task or a callback function is executed.\n\nWhile both threading and asynchronous I/O can achieve concurrency, they have different trade-offs. Threading can be more efficient when the tasks share data or resources since the threads can access the shared resources directly without the overhead of inter-process communication. Asynchronous I/O can be more efficient when the tasks are mostly I/O bound since it can avoid blocking and allow other tasks to execute while the I/O operations are being performed.\n\nIn general, it is recommended to use asynchronous I/O when possible since it can provide better scalability and performance. However, there are cases where threading may be necessary, such as when dealing with CPU-bound tasks or when the data and resources need to be shared between threads.'}}
2023-06-18 23:15:45,595 - app - INFO - data as json: {1: {'slide_number': 1, 'explanation': 'Asynchronous I/O (also known as async/await or coroutines) is a relatively new feature in Python that allows programs to continue executing operations while waiting for I/O operations to complete.\n\nAlthough asynchronous I/O originated in Python, it has since been implemented in other languages and runtime environments, including Go, C#, and Scala. However, the specific implementation and syntax varies depending on the language or environment.\n\nAsynchronous I/O is not the same as traditional threading or multiprocessing, which involve creating multiple threads or processes that run concurrently. Instead, asynchronous I/O uses cooperative multitasking, in which tasks voluntarily suspend their execution when they are waiting for I/O operations to complete, allowing other tasks to run in the meantime.\n\nOverall, asynchronous I/O is a powerful tool for writing scalable and efficient programs, particularly for network programming and other I/O-bound tasks. However, it does require a different approach and mindset than traditional synchronous programming, and may not be a good fit for all situations.'}, 2: {'slide_number': 2, 'explanation': 'AsyncIO2, also known as asyncio or asynchronous IO, is a Python library for concurrent programming. It allows developers to write asynchronous, non-blocking code using the coroutines and event loops paradigm.\n\nWith asyncio, developers can write code that can handle I/O operations such as network communication and file operations simultaneously, without blocking the execution of other operations. This makes it much more efficient in handling a large number of I/O-bound tasks compared to traditional synchronous programming.\n\nAsyncIO2 is an improved version of the original asyncio library, with better performance and new features such as asynchronous context managers and improved support for child processes.\n\nIn summary, AsyncIO2 is a powerful library for building high-performance, scalable and efficient asynchronous applications in Python.'}, 3: {'slide_number': 3, 'explanation': 'Threading is a way to achieve concurrency by creating multiple threads that can execute parallelly within a single process. Each thread has its own stack and can execute instructions independently. However, threads share the same memory space and resources, which means they can access and modify the same data structures.\n\nAsynchronous I/O, on the other hand, is a way to achieve concurrency by using non-blocking I/O operations. Instead of waiting for a result before continuing execution, the program can perform other tasks while waiting for I/O operations to complete. Asynchronous I/O operations do not share data or resources between tasks, making them more suitable for independent I/O operations that do not require communication between them.\n\nThreading can be more efficient than asynchronous I/O when tasks involve sharing data and resources, as it allows for faster communication and synchronization between threads. Asynchronous I/O can be more efficient than threading when tasks do not involve sharing data or resources, as it allows for more parallelism and can avoid the overhead of thread creation and context switching.\n\nIn summary, threading and asynchronous I/O are both ways to achieve concurrency but differ in their approach and efficiency depending on the nature of tasks and data involved. It is important to choose the appropriate approach based on the specific requirements and limitations of each situation.'}}
2023-06-18 23:15:46,630 - app - INFO - ...Checking status for file 904e4be6-a952-4ca8-bccf-3e845ab92443
2023-06-18 23:18:07,884 - app - INFO - Starting the app
2023-06-18 23:18:09,735 - app - INFO - Starting the app
2023-06-18 23:18:10,178 - app - INFO - ...Checking status for file 904e4be6-a952-4ca8-bccf-3e845ab92443
2023-06-18 23:18:11,479 - app - INFO - ...Checking status for file 904e4be6-a952-4ca8-bccf-3e845ab92443
2023-06-18 23:18:12,853 - app - INFO - ...Checking status for file 904e4be6-a952-4ca8-bccf-3e845ab92443
2023-06-18 23:18:38,130 - app - INFO - data as json: {1: {'slide_number': 1, 'explanation': 'Asynchronous I/O (often abbreviated as asyncio) is a relatively new module in Python that allows for efficient and non-blocking I/O operations. While it is a core module in Python, it is not yet as widely adopted as other concurrency models like threading or multiprocessing.\n\nHowever, asyncio is expanding beyond the Python ecosystem and is being adopted or built into other languages and runtime environments, such as Go, C#, or Scala. This is a testament to the efficiency and flexibility of this model for concurrency.\n\nOne thing to note is that asyncio is a form of cooperative multitasking, which means that the program must explicitly yield control to other tasks, rather than relying on an operating system scheduler to manage threads. This can lead to more predictable and controlled behavior, but requires careful programming to avoid deadlocks or other issues.'}, 2: {'slide_number': 2, 'explanation': 'Asynchronous input/output (AsyncIO) is a programming paradigm that allows developers to write concurrent and highly-performant code by enabling code to run asynchronously. In simple terms, it allows your code to execute independent of other parts of your program that are running simultaneously.\n\nAsyncIO2 is the second version of the AsyncIO programming library for Python. It is used to write asynchronous code using coroutines, a lightweight version of threads, and event loops. With AsyncIO2, Python developers can write highly efficient, non-blocking, and concurrent code for network programming, web development, and more.\n\nAsyncIO2 has several key features, including the ability to use multiple event loop policies, easily create custom event loops, and customize timeouts and error handling. It also includes support for SSL/TLS encryption, subprocesses, and signals. Overall, AsyncIO2 is a valuable library for Python developers who want to write efficient and scalable asynchronous code.'}, 3: {'slide_number': 3, 'explanation': 'Threads involve the creation of multiple execution streams that share the same memory space. Asynchronous I/O operations, on the other hand, involve the use of non-blocking I/O methods that allow a program to continue executing while waiting for I/O operations to complete. \n\nThreads can be faster than asynchronous I/O for tasks that require shared data or resources. This is because threads can access shared memory without having to transfer data between multiple processes. However, managing threads can be complex and can lead to issues like deadlocks or race conditions if not properly managed.\n\nAsynchronous I/O operations can be more efficient for tasks that do not require shared resources, like web requests or file downloads. With asynchronous I/O, a program can continue to execute while waiting for I/O to complete. This can lead to a more efficient use of system resources and can prevent blocking.\n\nThreading enables concurrency within a process, allowing multiple tasks to be executed simultaneously. Asynchronous I/O allows concurrency to be achieved within a single thread, but only when using I/O operations. This means that if a program has long-running CPU-bound tasks, threading may be a better option than asynchronous I/O.\n\nIn summary, the choice between threading and asynchronous I/O depends on the specific requirements of the program. If tasks share data or resources, threading may be more efficient. If tasks are I/O-bound and do not share data or resources, asynchronous I/O may be a better choice. It is also possible to use a combination of both techniques to achieve optimal performance.'}}
2023-06-18 23:18:49,881 - app - INFO - data as json: {1: {'slide_number': 1, 'explanation': 'A programming pattern where the programmer makes a function "yield" control to the calling function, allowing other functions to run in the meantime. This prevents the entire program from being blocked if a function takes a while to complete. Asynchronous programming is commonly used when dealing with I/O bound operations, such as reading or writing to a file or making a network request.'}, 2: {'slide_number': 2, 'explanation': 'Asynchronous I/O (AsyncIO) is a Python package that allows code to asynchronously execute I/O bound tasks. It provides an event loop, coroutine library, and transports and protocols that allow different kinds of I/O operations. \n\nAsyncIO was introduced in Python 3.4 and has become increasingly popular since then, especially for developing network applications. It allows developers to write code that can handle many connections at the same time, without creating a separate thread for each connection.\n\nAsyncIO works by utilizing coroutines, which are functions that can pause and resume their execution, allowing other code to run while waiting for I/O operations to complete. The event loop manages these coroutines and schedules them for execution when they are ready.\n\nAsyncIO also provides a number of higher-level APIs that make it easy to work with sockets, protocols, and transports. These APIs are built on top of the lower-level event loop and coroutine libraries, and make it simple to develop network applications that handle many connections at the same time.\n\nOverall, AsyncIO is a powerful tool for developing high-performance network applications in Python. It allows developers to write code that is efficient, scalable, and easy to understand.'}, 3: {'slide_number': 3, 'explanation': 'Threading involves running multiple lines of code within a single process, whereas asynchronous I/O involves running code in a non-blocking way, allowing multiple tasks to be executed simultaneously. Threading is typically used for tasks that involve computation and manipulation of data, while asynchronous I/O is used for tasks that involve input/output operations, such as sending and receiving data over a network.\n\nOne of the main differences between threading and asynchronous I/O is that threads share data and resources, while asynchronous I/O operations do not. This means that with threading, care must be taken to ensure that multiple threads do not attempt to access the same data or resource at the same time, potentially causing race conditions or other issues. With asynchronous I/O, each operation is self-contained and does not rely on other operations to complete, making it easier to write correct and efficient code.\n\nAnother difference is that threads can be more efficient than asynchronous I/O operations when the tasks that are being executed share data or resources. In this case, using multiple threads can allow the tasks to be executed in parallel, potentially reducing the total execution time. However, asynchronous I/O operations can be more efficient than threads when the tasks that are being executed do not share data or resources, as they can be executed in a non-blocking way without the overhead of thread creation and management.\n\nIn general, threading enables concurrency within a process, while asynchronous I/O enables concurrency inside a single thread only when it uses I/O operations. As a result, a common piece of advice in the programming community is to "use async IO when you can; use threading when you must", as async IO is often simpler and more efficient for tasks involving input/output operations.'}}
2023-06-18 23:18:52,501 - app - INFO - Starting the app
2023-06-18 23:18:54,477 - app - INFO - Starting the app
2023-06-18 23:18:54,720 - app - INFO - ...Checking status for file 904e4be6-a952-4ca8-bccf-3e845ab92443
2023-06-18 23:18:54,725 - app - INFO - File 904e4be6-a952-4ca8-bccf-3e845ab92443_asyncio-intro_20230618231531 found
2023-06-18 23:18:54,725 - app - INFO - File  status is done
2023-06-18 23:21:32,688 - app - INFO - Starting the app
2023-06-18 23:21:34,509 - app - INFO - Starting the app
2023-06-18 23:21:34,741 - app - INFO - ...Checking status for file 904e4be6-a952-4ca8-bccf-3e845ab92443
2023-06-18 23:21:36,336 - app - INFO - ...Checking status for file 904e4be6-a952-4ca8-bccf-3e845ab92443
2023-06-18 23:22:39,478 - app - INFO - Starting the app
2023-06-18 23:22:41,543 - app - INFO - Starting the app
2023-06-18 23:22:41,774 - app - INFO - ...Checking status for file 904e4be6-a952-4ca8-bccf-3e845ab92443
2023-06-18 23:22:41,775 - app - INFO - File  found
2023-06-18 23:23:57,267 - app - INFO - Starting the app
2023-06-18 23:23:59,113 - app - INFO - Starting the app
2023-06-18 23:23:59,347 - app - INFO - ...Checking status for file 904e4be6-a952-4ca8-bccf-3e845ab92443
2023-06-18 23:23:59,347 - app - INFO - filename 904e4be6-a952-4ca8-bccf-3e845ab92443_asyncio-intro_20230618231531 found
2023-06-18 23:23:59,347 - app - INFO - File  found
2023-06-18 23:25:11,225 - app - INFO - Starting the app
2023-06-18 23:25:13,165 - app - INFO - Starting the app
2023-06-18 23:25:13,459 - app - INFO - ...Checking status for file 904e4be6-a952-4ca8-bccf-3e845ab92443
2023-06-18 23:25:13,459 - app - INFO - filename 904e4be6-a952-4ca8-bccf-3e845ab92443_asyncio-intro_20230618231531 found
2023-06-18 23:25:13,459 - app - INFO - File 20230618231531 found
2023-06-18 23:25:13,464 - app - INFO - File 904e4be6-a952-4ca8-bccf-3e845ab92443_asyncio-intro_20230618231531 found
2023-06-18 23:25:13,464 - app - INFO - File 20230618231531 status is done
2023-06-18 23:25:14,728 - app - INFO - ...Checking status for file 904e4be6-a952-4ca8-bccf-3e845ab92443
2023-06-18 23:25:14,729 - app - INFO - filename 904e4be6-a952-4ca8-bccf-3e845ab92443_asyncio-intro_20230618231531 found
2023-06-18 23:25:14,729 - app - INFO - File 20230618231531 found
2023-06-18 23:25:14,729 - app - INFO - File 904e4be6-a952-4ca8-bccf-3e845ab92443_asyncio-intro_20230618231531 found
2023-06-18 23:25:14,730 - app - INFO - File 20230618231531 status is done
2023-06-18 23:26:07,437 - app - INFO - Starting the app
2023-06-18 23:26:17,126 - app - INFO - uploading file...
2023-06-18 23:26:17,129 - app - INFO - generating uid for file asyncio-intro.pptx
2023-06-18 23:26:17,129 - app - INFO - uid generated: 2791e871-93b4-489a-a891-7f781bbdf9c2 + asyncio-intro
2023-06-18 23:26:17,129 - app - INFO - generating filename for asyncio-intro
2023-06-18 23:26:17,129 - app - INFO - uploaded filename: 2791e871-93b4-489a-a891-7f781bbdf9c2_asyncio-intro_20230618232617
2023-06-18 23:26:17,129 - app - INFO - parsing <2791e871-93b4-489a-a891-7f781bbdf9c2_asyncio-intro_20230618232617> pptx file to json
2023-06-18 23:26:17,154 - app - INFO - data as json: {1: 'AsyincIO .Relatively new in python .existed or is being built into other languages and runtime environments, such as Go, C#, or Scala. .Not  .threading .Not  .multiproccesing  .cooperative multitasking .', 2: 'AsyincIO2 .', 3: 'Differences between threading and asynchronous I/O .T .hreads share data and resources -  .A .synchronous I/O operations do not.  .Threads can be more efficient than asynchronous I/O operations when the tasks that are being executed share data or resources.  .A .synchronous I/O operations can be more efficient than threads when the tasks that are being executed do not share data or resources. .Threading enables concurrency within a process and  .asyincIO . enables concurrency inside a single thread only when it uses IO operations .“Use async IO when you can; use threading when you must” .'}
2023-06-18 23:26:28,698 - app - INFO - ...Checking status for file 2791e871-93b4-489a-a891-7f781bbdf9c2
2023-06-18 23:26:28,699 - app - INFO - filename 2791e871-93b4-489a-a891-7f781bbdf9c2_asyncio-intro_20230618232617 found
2023-06-18 23:26:28,699 - app - INFO - File 20230618232617 found
2023-06-18 23:26:28,703 - app - INFO - File 20230618232617 status is pending
2023-06-18 23:26:33,580 - app - INFO - ...Checking status for file 2791e871-93b4-489a-a891-7f781bbdf9c2
2023-06-18 23:26:33,580 - app - INFO - filename 2791e871-93b4-489a-a891-7f781bbdf9c2_asyncio-intro_20230618232617 found
2023-06-18 23:26:33,580 - app - INFO - File 20230618232617 found
2023-06-18 23:26:33,581 - app - INFO - File 20230618232617 status is pending
2023-06-18 23:26:35,118 - app - INFO - ...Checking status for file 2791e871-93b4-489a-a891-7f781bbdf9c2
2023-06-18 23:26:35,119 - app - INFO - filename 2791e871-93b4-489a-a891-7f781bbdf9c2_asyncio-intro_20230618232617 found
2023-06-18 23:26:35,119 - app - INFO - File 20230618232617 found
2023-06-18 23:26:35,119 - app - INFO - File 20230618232617 status is pending
2023-06-18 23:26:36,274 - app - INFO - ...Checking status for file 2791e871-93b4-489a-a891-7f781bbdf9c2
2023-06-18 23:26:36,274 - app - INFO - filename 2791e871-93b4-489a-a891-7f781bbdf9c2_asyncio-intro_20230618232617 found
2023-06-18 23:26:36,274 - app - INFO - File 20230618232617 found
2023-06-18 23:26:36,275 - app - INFO - File 20230618232617 status is pending
2023-06-18 23:26:37,455 - app - INFO - ...Checking status for file 2791e871-93b4-489a-a891-7f781bbdf9c2
2023-06-18 23:26:37,456 - app - INFO - filename 2791e871-93b4-489a-a891-7f781bbdf9c2_asyncio-intro_20230618232617 found
2023-06-18 23:26:37,456 - app - INFO - File 20230618232617 found
2023-06-18 23:26:37,456 - app - INFO - File 20230618232617 status is pending
2023-06-18 23:26:38,516 - app - INFO - ...Checking status for file 2791e871-93b4-489a-a891-7f781bbdf9c2
2023-06-18 23:26:38,516 - app - INFO - filename 2791e871-93b4-489a-a891-7f781bbdf9c2_asyncio-intro_20230618232617 found
2023-06-18 23:26:38,516 - app - INFO - File 20230618232617 found
2023-06-18 23:26:38,517 - app - INFO - File 20230618232617 status is pending
2023-06-18 23:26:51,590 - app - INFO - ...Checking status for file 2791e871-93b4-489a-a891-7f781bbdf9c2
2023-06-18 23:26:51,590 - app - INFO - filename 2791e871-93b4-489a-a891-7f781bbdf9c2_asyncio-intro_20230618232617 found
2023-06-18 23:26:51,591 - app - INFO - File 20230618232617 found
2023-06-18 23:26:51,591 - app - INFO - File 20230618232617 status is pending
2023-06-18 23:26:52,819 - app - INFO - ...Checking status for file 2791e871-93b4-489a-a891-7f781bbdf9c2
2023-06-18 23:26:52,819 - app - INFO - filename 2791e871-93b4-489a-a891-7f781bbdf9c2_asyncio-intro_20230618232617 found
2023-06-18 23:26:52,819 - app - INFO - File 20230618232617 found
2023-06-18 23:26:52,820 - app - INFO - File 20230618232617 status is pending
2023-06-18 23:26:58,077 - app - INFO - ...Checking status for file 2791e871-93b4-489a-a891-7f781bbdf9c2
2023-06-18 23:26:58,077 - app - INFO - filename 2791e871-93b4-489a-a891-7f781bbdf9c2_asyncio-intro_20230618232617 found
2023-06-18 23:26:58,078 - app - INFO - File 20230618232617 found
2023-06-18 23:26:58,078 - app - INFO - File 20230618232617 status is pending
2023-06-18 23:27:01,103 - app - INFO - ...Checking status for file 2791e871-93b4-489a-a891-7f781bbdf9c2
2023-06-18 23:27:01,104 - app - INFO - filename 2791e871-93b4-489a-a891-7f781bbdf9c2_asyncio-intro_20230618232617 found
2023-06-18 23:27:01,104 - app - INFO - File 20230618232617 found
2023-06-18 23:27:01,104 - app - INFO - File 20230618232617 status is pending
2023-06-18 23:27:02,542 - app - INFO - ...Checking status for file 2791e871-93b4-489a-a891-7f781bbdf9c2
2023-06-18 23:27:02,542 - app - INFO - filename 2791e871-93b4-489a-a891-7f781bbdf9c2_asyncio-intro_20230618232617 found
2023-06-18 23:27:02,542 - app - INFO - File 20230618232617 found
2023-06-18 23:27:02,543 - app - INFO - File 20230618232617 status is pending
2023-06-18 23:27:03,741 - app - INFO - ...Checking status for file 2791e871-93b4-489a-a891-7f781bbdf9c2
2023-06-18 23:27:03,742 - app - INFO - filename 2791e871-93b4-489a-a891-7f781bbdf9c2_asyncio-intro_20230618232617 found
2023-06-18 23:27:03,742 - app - INFO - File 20230618232617 found
2023-06-18 23:27:03,742 - app - INFO - File 20230618232617 status is pending
2023-06-18 23:27:04,975 - app - INFO - ...Checking status for file 2791e871-93b4-489a-a891-7f781bbdf9c2
2023-06-18 23:27:04,975 - app - INFO - filename 2791e871-93b4-489a-a891-7f781bbdf9c2_asyncio-intro_20230618232617 found
2023-06-18 23:27:04,975 - app - INFO - File 20230618232617 found
2023-06-18 23:27:04,976 - app - INFO - File 20230618232617 status is pending
2023-06-18 23:27:12,105 - app - INFO - ...Checking status for file 2791e871-93b4-489a-a891-7f781bbdf9c2
2023-06-18 23:27:12,106 - app - INFO - filename 2791e871-93b4-489a-a891-7f781bbdf9c2_asyncio-intro_20230618232617 found
2023-06-18 23:27:12,106 - app - INFO - File 20230618232617 found
2023-06-18 23:27:12,106 - app - INFO - File 20230618232617 status is pending
2023-06-18 23:27:13,320 - app - INFO - ...Checking status for file 2791e871-93b4-489a-a891-7f781bbdf9c2
2023-06-18 23:27:13,320 - app - INFO - filename 2791e871-93b4-489a-a891-7f781bbdf9c2_asyncio-intro_20230618232617 found
2023-06-18 23:27:13,320 - app - INFO - File 20230618232617 found
2023-06-18 23:27:13,321 - app - INFO - File 20230618232617 status is pending
2023-06-18 23:27:16,960 - app - INFO - ...Checking status for file 2791e871-93b4-489a-a891-7f781bbdf9c2
2023-06-18 23:27:16,961 - app - INFO - filename 2791e871-93b4-489a-a891-7f781bbdf9c2_asyncio-intro_20230618232617 found
2023-06-18 23:27:16,961 - app - INFO - File 20230618232617 found
2023-06-18 23:27:16,961 - app - INFO - File 20230618232617 status is pending
2023-06-18 23:27:18,820 - app - INFO - ...Checking status for file 2791e871-93b4-489a-a891-7f781bbdf9c2
2023-06-18 23:27:18,820 - app - INFO - filename 2791e871-93b4-489a-a891-7f781bbdf9c2_asyncio-intro_20230618232617 found
2023-06-18 23:27:18,820 - app - INFO - File 20230618232617 found
2023-06-18 23:27:18,821 - app - INFO - File 20230618232617 status is pending
2023-06-18 23:27:20,428 - app - INFO - ...Checking status for file 2791e871-93b4-489a-a891-7f781bbdf9c2
2023-06-18 23:27:20,428 - app - INFO - filename 2791e871-93b4-489a-a891-7f781bbdf9c2_asyncio-intro_20230618232617 found
2023-06-18 23:27:20,428 - app - INFO - File 20230618232617 found
2023-06-18 23:27:20,429 - app - INFO - File 20230618232617 status is pending
2023-06-18 23:27:21,675 - app - INFO - ...Checking status for file 2791e871-93b4-489a-a891-7f781bbdf9c2
2023-06-18 23:27:21,676 - app - INFO - filename 2791e871-93b4-489a-a891-7f781bbdf9c2_asyncio-intro_20230618232617 found
2023-06-18 23:27:21,676 - app - INFO - File 20230618232617 found
2023-06-18 23:27:21,676 - app - INFO - File 20230618232617 status is pending
2023-06-18 23:27:29,230 - app - INFO - Starting the app
2023-06-18 23:27:31,197 - app - INFO - Starting the app
2023-06-18 23:27:31,432 - app - INFO - ...Checking status for file 2791e871-93b4-489a-a891-7f781bbdf9c2
2023-06-18 23:27:31,434 - app - INFO - filename 2791e871-93b4-489a-a891-7f781bbdf9c2_asyncio-intro_20230618232617 found
2023-06-18 23:27:31,434 - app - INFO - File 20230618232617 found
2023-06-18 23:27:31,438 - app - INFO - File 20230618232617 status is pending
2023-06-18 23:27:33,170 - app - INFO - ...Checking status for file 2791e871-93b4-489a-a891-7f781bbdf9c2
2023-06-18 23:27:33,171 - app - INFO - filename 2791e871-93b4-489a-a891-7f781bbdf9c2_asyncio-intro_20230618232617 found
2023-06-18 23:27:33,171 - app - INFO - File 20230618232617 found
2023-06-18 23:27:33,171 - app - INFO - File 20230618232617 status is pending
2023-06-18 23:27:34,176 - app - INFO - ...Checking status for file 2791e871-93b4-489a-a891-7f781bbdf9c2
2023-06-18 23:27:34,177 - app - INFO - filename 2791e871-93b4-489a-a891-7f781bbdf9c2_asyncio-intro_20230618232617 found
2023-06-18 23:27:34,177 - app - INFO - File 20230618232617 found
2023-06-18 23:27:34,177 - app - INFO - File 20230618232617 status is pending
2023-06-18 23:27:44,028 - app - INFO - ...Checking status for file 2791e871-93b4-489a-a891-7f781bbdf9c2
2023-06-18 23:27:44,028 - app - INFO - filename 2791e871-93b4-489a-a891-7f781bbdf9c2_asyncio-intro_20230618232617 found
2023-06-18 23:27:44,028 - app - INFO - File 20230618232617 found
2023-06-18 23:27:44,029 - app - INFO - File 20230618232617 status is pending
2023-06-18 23:27:45,500 - app - INFO - ...Checking status for file 2791e871-93b4-489a-a891-7f781bbdf9c2
2023-06-18 23:27:45,501 - app - INFO - filename 2791e871-93b4-489a-a891-7f781bbdf9c2_asyncio-intro_20230618232617 found
2023-06-18 23:27:45,501 - app - INFO - File 20230618232617 found
2023-06-18 23:27:45,502 - app - INFO - File 20230618232617 status is pending
2023-06-18 23:27:47,263 - app - INFO - data as json: {1: {'slide_number': 1, 'explanation': 'Allows for non-blocking I/O operations by using an event loop to manage multiple I/O operations simultaneously. This means that code can continue to execute while waiting for I/O operations to complete, improving performance and efficiency. Additionally, AsyncIO includes support for coroutines, which are functions that can be paused and resumed without blocking other tasks.'}, 2: {'slide_number': 2, 'explanation': 'AsyncIO (or asyncio) is a Python library that helps in writing concurrent code by using coroutines, which are lightweight threads that run in a cooperative multitasking environment. AsyncIO2 is a new version of AsyncIO that brings several enhancements and new features to the library, including faster event loop implementation, improved task management API, and better compatibility with other event loops. Some of the other improvements include:\n\n- Improved support for cancellation and timeout management\n- New high-level APIs for socket programming (asyncio.StreamReader/Writer)\n- Better debugging experience with improved error reporting and diagnostic tools\n- Improved support for async generator functions\n- Enhanced support for running AsyncIO on Windows platforms\n\nOverall, AsyncIO2 is a significant upgrade to the AsyncIO library and provides developers with a more powerful and flexible toolkit for writing concurrent Python applications.'}, 3: {'slide_number': 3, 'explanation': 'In summary, the main difference between threading and asynchronous I/O is that threading involves executing multiple tasks simultaneously within a single process, while asynchronous I/O enables a single thread to perform multiple I/O operations concurrently. Threading can be more efficient for tasks that share data or resources, while asynchronous I/O is better suited for tasks that do not require such sharing. Ultimately, the choice between threading and asynchronous I/O depends on the specific requirements of the task at hand.'}}
2023-06-18 23:27:48,408 - app - INFO - data as json: {1: {'slide_number': 1, 'explanation': 'Allows non-blocking I/O operations to be performed efficiently by utilizing callbacks and event loops. It is particularly useful for network programming, where it enables high concurrency and responsiveness.'}, 2: {'slide_number': 2, 'explanation': 'As an AI language model I\'m not sure what you are referring to by "AsyincIO2". If you could provide more context, I would be happy to try to assist you.'}, 3: {'slide_number': 3, 'explanation': 'Threading involves executing multiple threads of code simultaneously within a single process. This allows for concurrency and can improve performance in cases where tasks share data or resources. However, threading can also be complex and difficult to use correctly, leading to issues like deadlocks and race conditions.\n\nAsynchronous I/O, on the other hand, involves performing I/O operations (such as reading from or writing to a file) in a non-blocking way. This allows the program to continue executing while the I/O operation is being performed, rather than blocking until the operation completes. As a result, asynchronous I/O can be more efficient than threading in cases where tasks do not share data or resources.\n\nIn summary, threading is better suited for cases where tasks share data or resources, while asynchronous I/O is better suited for cases where tasks do not share data or resources. However, async IO can only work for tasks that use IO operations, while threading can be used for any type of task. Ultimately, the choice depends on the specific requirements of the program and the nature of the tasks being performed.'}}
2023-06-18 23:27:52,944 - app - INFO - ...Checking status for file 2791e871-93b4-489a-a891-7f781bbdf9c2
2023-06-18 23:27:52,944 - app - INFO - filename 2791e871-93b4-489a-a891-7f781bbdf9c2_asyncio-intro_20230618232617 found
2023-06-18 23:27:52,945 - app - INFO - File 20230618232617 found
2023-06-18 23:27:52,945 - app - INFO - File 2791e871-93b4-489a-a891-7f781bbdf9c2_asyncio-intro_20230618232617 found
2023-06-18 23:27:52,946 - app - INFO - File 20230618232617 status is done
